<?xml version="1.0" encoding="UTF-8"?>
<!-- Generated by org.testng.reporters.JUnitReportReporter -->
<testsuite skipped="0" hostname="Lenovo" name="com.Testcase.map" tests="3" failures="0" timestamp="09 Feb 2019 06:34:50 GMT" time="0.040" errors="0">
  <testcase name="integrationTest" time="0.028" classname="com.Testcase.map"/>
  <testcase name="integrationTest" time="0.008" classname="com.Testcase.map"/>
  <testcase name="integrationTest" time="0.004" classname="com.Testcase.map"/>
</testsuite> <!-- com.Testcase.map -->
