<?xml version="1.0" encoding="UTF-8"?>
<!-- Generated by org.testng.reporters.JUnitReportReporter -->
<testsuite skipped="0" hostname="Lenovo" name="com.Testcase.loginTestcase" tests="3" failures="0" timestamp="02 Feb 2019 10:38:33 GMT" time="152.946" errors="0">
  <testcase name="logintest" time="62.771" classname="com.Testcase.loginTestcase"/>
  <testcase name="logintest" time="51.858" classname="com.Testcase.loginTestcase"/>
  <testcase name="logintest" time="38.317" classname="com.Testcase.loginTestcase"/>
</testsuite> <!-- com.Testcase.loginTestcase -->
