<?xml version="1.0" encoding="UTF-8"?>
<!-- Generated by org.testng.reporters.JUnitReportReporter -->
<testsuite skipped="1" hostname="Lenovo" name="com.Testcase.ArrayList" tests="1" failures="0" timestamp="16 Feb 2019 08:02:46 GMT" time="0.000" errors="0">
  <testcase name="logintest" time="0.000" classname="com.Testcase.ArrayList">
    <skipped/>
  </testcase> <!-- logintest -->
</testsuite> <!-- com.Testcase.ArrayList -->
